{"data":{"cameraY":15.9412202835083,"interactionHeight":1.35,"interactionRange":3.45},"hypothesisId":"H1","location":"player.gd:_ready","message":"Player ready for interaction tests","runId":"initial","sessionId":"c5ea88","timestamp":1775621976146.0}
{"data":{"cameraY":14.954158782959,"colliderPath":"/root/TutorialIsle/TerrainObjects/Harvestable/Rocks/HarvestableRock_M4","hitY":15.4541540145874,"rayOriginY":15.3417444229126},"hypothesisId":"H2","location":"player.gd:_update_interaction_prompt","message":"Prompt became visible for collider","runId":"initial","sessionId":"c5ea88","timestamp":1775621987461.0}
{"data":{"cameraY":17.5379123687744,"colliderPath":"/root/TutorialIsle/TerrainObjects/Harvestable/Rocks/HarvestableRock_S7","hitY":14.6537322998047,"rayOriginY":15.3407611846924},"hypothesisId":"H2","location":"player.gd:_update_interaction_prompt","message":"Prompt became visible for collider","runId":"initial","sessionId":"c5ea88","timestamp":1775622002837.0}
{"data":{"cameraY":18.2122325897217,"colliderPath":"/root/TutorialIsle/TerrainObjects/Harvestable/Rocks/HarvestableRock_M4","hitY":13.9408264160156,"rayOriginY":15.3407611846924},"hypothesisId":"H2","location":"player.gd:_update_interaction_prompt","message":"Prompt became visible for collider","runId":"initial","sessionId":"c5ea88","timestamp":1775622004011.0}
{"data":{"cameraY":17.9764080047607,"colliderPath":"/root/TutorialIsle/TerrainObjects/Harvestable/Rocks/HarvestableRock_S8","hitY":14.5596332550049,"rayOriginY":15.3407611846924},"hypothesisId":"H2","location":"player.gd:_update_interaction_prompt","message":"Prompt became visible for collider","runId":"initial","sessionId":"c5ea88","timestamp":1775622004980.0}
{"data":{"cameraY":15.9412202835083,"interactionHeight":1.35,"interactionRange":3.45},"hypothesisId":"H1","location":"player.gd:_ready","message":"Player ready for interaction tests","runId":"initial","sessionId":"c5ea88","timestamp":1775622193127.0}
{"data":{},"hypothesisId":"H1","location":"player.gd:_try_harvest_hit","message":"Attack pressed but ray not colliding","runId":"initial","sessionId":"c5ea88","timestamp":1775622202348.0}
{"data":{},"hypothesisId":"H1","location":"player.gd:_try_harvest_hit","message":"Attack pressed but ray not colliding","runId":"initial","sessionId":"c5ea88","timestamp":1775622202801.0}
{"data":{},"hypothesisId":"H1","location":"player.gd:_try_harvest_hit","message":"Attack pressed but ray not colliding","runId":"initial","sessionId":"c5ea88","timestamp":1775622203149.0}
{"data":{"cameraY":17.6485042572021,"colliderPath":"/root/TutorialIsle/TerrainObjects/Harvestable/Trees/HarvestableTree_L","hitY":14.2263975143433,"rayOriginY":15.3406524658203},"hypothesisId":"H2","location":"player.gd:_update_interaction_prompt","message":"Prompt became visible for collider","runId":"initial","sessionId":"c5ea88","timestamp":1775622205169.0}
{"data":{"cameraY":17.5821685791016,"colliderPath":"/root/TutorialIsle/TerrainObjects/Harvestable/Trees/HarvestableTree_L","distanceToHit":1.28645265102386,"hitY":15.1540870666504,"playerY":13.9906520843506,"rayOriginY":15.3406524658203},"hypothesisId":"H1","location":"player.gd:_try_harvest_hit","message":"Attack ray collision details","runId":"initial","sessionId":"c5ea88","timestamp":1775622205551.0}
{"data":{"clip":"Chop","harvestAction":"chop"},"hypothesisId":"H3","location":"base_character.gd:try_play_action_for_harvest","message":"Selected harvest animation clip","runId":"initial","sessionId":"c5ea88","timestamp":1775622205551.0}
{"data":{"currentAnimation":"Base/Chop"},"hypothesisId":"H3","location":"base_character.gd:try_play_action_for_harvest","message":"Animation player current clip after play","runId":"initial","sessionId":"c5ea88","timestamp":1775622205560.0}
{"data":{"cooldownSec":4.0,"delays":[0.850000023841858,2.20000004768372,3.5]},"hypothesisId":"H6","location":"player.gd:_try_harvest_hit","message":"Scheduled chop impacts","runId":"initial","sessionId":"c5ea88","timestamp":1775622205568.0}
{"data":{"impactIndex":1},"hypothesisId":"H6","location":"player.gd:_on_chop_impact_timeout","message":"Chop impact applied","runId":"initial","sessionId":"c5ea88","timestamp":1775622206407.0}
{"data":{"impactIndex":2},"hypothesisId":"H6","location":"player.gd:_on_chop_impact_timeout","message":"Chop impact applied","runId":"initial","sessionId":"c5ea88","timestamp":1775622207764.0}
{"data":{"impactIndex":3},"hypothesisId":"H6","location":"player.gd:_on_chop_impact_timeout","message":"Chop impact applied","runId":"initial","sessionId":"c5ea88","timestamp":1775622209055.0}
{"data":{"cameraY":15.9412202835083,"interactionHeight":1.35,"interactionRange":3.45},"hypothesisId":"H1","location":"player.gd:_ready","message":"Player ready for interaction tests","runId":"initial","sessionId":"c5ea88","timestamp":1775622320855.0}
{"data":{"cameraY":17.3822746276855,"colliderPath":"/root/TutorialIsle/TerrainObjects/Harvestable/Trees/HarvestableTree_S15","hitY":14.3486375808716,"rayOriginY":15.3412208557129},"hypothesisId":"H2","location":"player.gd:_update_interaction_prompt","message":"Prompt became visible for collider","runId":"initial","sessionId":"c5ea88","timestamp":1775622324743.0}
{"data":{"cameraY":16.7239074707031,"colliderPath":"/root/TutorialIsle/TerrainObjects/Harvestable/Trees/HarvestableTree_S15","distanceToHit":1.68747591972351,"hitY":15.0946216583252,"playerY":13.9912204742432,"rayOriginY":15.3412208557129},"hypothesisId":"H1","location":"player.gd:_try_harvest_hit","message":"Attack ray collision details","runId":"initial","sessionId":"c5ea88","timestamp":1775622325135.0}
{"data":{"clip":"Chop","harvestAction":"chop"},"hypothesisId":"H3","location":"base_character.gd:try_play_action_for_harvest","message":"Selected harvest animation clip","runId":"initial","sessionId":"c5ea88","timestamp":1775622325135.0}
{"data":{"currentAnimation":"Base/Chop"},"hypothesisId":"H3","location":"base_character.gd:try_play_action_for_harvest","message":"Animation player current clip after play","runId":"initial","sessionId":"c5ea88","timestamp":1775622325146.0}
{"data":{"cooldownSec":4.0,"delays":[0.850000023841858,2.20000004768372,3.5]},"hypothesisId":"H6","location":"player.gd:_try_harvest_hit","message":"Scheduled chop impacts","runId":"initial","sessionId":"c5ea88","timestamp":1775622325157.0}
{"data":{"impactIndex":1},"hypothesisId":"H6","location":"player.gd:_on_chop_impact_timeout","message":"Chop impact applied","runId":"initial","sessionId":"c5ea88","timestamp":1775622325979.0}
{"data":{"impactIndex":2},"hypothesisId":"H6","location":"player.gd:_on_chop_impact_timeout","message":"Chop impact applied","runId":"initial","sessionId":"c5ea88","timestamp":1775622327330.0}
{"data":{"impactIndex":3},"hypothesisId":"H6","location":"player.gd:_on_chop_impact_timeout","message":"Chop impact applied","runId":"initial","sessionId":"c5ea88","timestamp":1775622328620.0}
{"data":{"delaySec":30.0,"nodeSceneFilePath":"res://world/props/harvestable_tree.tscn","parentPath":"/root/TutorialIsle/TerrainObjects/Harvestable/Trees","respawnScenePathExport":"res://world/props/harvestable_tree.tscn","scenePath":"res://world/props/harvestable_tree.tscn"},"hypothesisId":"R1","location":"harvestable_resource.gd:_schedule_respawn","message":"respawn_timer_scheduled","runId":"respawn","sessionId":"c5ea88","timestamp":1775622329083.0}
{"data":{"collider":"/root/TutorialIsle/Terrain3D","hitY":14.0000085830688,"resourceType":"wood"},"hypothesisId":"H5","location":"resource_pickup.gd:_probe_ground_y","message":"Ground probe hit for pickup","runId":"initial","sessionId":"c5ea88","timestamp":1775622329085.0}
{"data":{"probeLaunchY":14.0000085830688,"resourceType":"wood","velocity":"(-0.936988, 3.955206, 1.54699)"},"hypothesisId":"H5","location":"resource_pickup.gd:launch_from_harvest","message":"Pickup launched from harvest","runId":"initial","sessionId":"c5ea88","timestamp":1775622329093.0}
{"data":{"collider":"/root/TutorialIsle/Terrain3D","hitY":14.0000085830688,"resourceType":"wood"},"hypothesisId":"H5","location":"resource_pickup.gd:_probe_ground_y","message":"Ground probe hit for pickup","runId":"initial","sessionId":"c5ea88","timestamp":1775622329101.0}
{"data":{"probeLaunchY":14.0000085830688,"resourceType":"wood","velocity":"(-2.041671, 4.958156, 0.192645)"},"hypothesisId":"H5","location":"resource_pickup.gd:launch_from_harvest","message":"Pickup launched from harvest","runId":"initial","sessionId":"c5ea88","timestamp":1775622329110.0}
{"data":{"deltaY":0.0318536758422852,"groundTargetY":14.0000085830688,"lowestWorldBeforeAlign":13.9681549072266,"resourceType":"wood","rootYAfter":14.2758893966675},"hypothesisId":"H8","location":"resource_pickup.gd:_physics_process","message":"Bottom aligned to ground probe","runId":"initial","sessionId":"c5ea88","timestamp":1775622329703.0}
{"data":{"finalY":14.2758893966675,"groundClearance":0.0,"resourceType":"wood","visualOffsetY":0.0},"hypothesisId":"H5","location":"resource_pickup.gd:_physics_process","message":"Pickup settled on ground","runId":"initial","sessionId":"c5ea88","timestamp":1775622329704.0}
{"data":{"deltaY":0.0662136077880859,"groundTargetY":14.0000085830688,"lowestWorldBeforeAlign":13.9337949752808,"resourceType":"wood","rootYAfter":14.2758893966675},"hypothesisId":"H8","location":"resource_pickup.gd:_physics_process","message":"Bottom aligned to ground probe","runId":"initial","sessionId":"c5ea88","timestamp":1775622329863.0}
{"data":{"finalY":14.2758893966675,"groundClearance":0.0,"resourceType":"wood","visualOffsetY":0.0},"hypothesisId":"H5","location":"resource_pickup.gd:_physics_process","message":"Pickup settled on ground","runId":"initial","sessionId":"c5ea88","timestamp":1775622329864.0}
{"data":{"cameraY":15.9412202835083,"interactionHeight":1.35,"interactionRange":3.45},"hypothesisId":"H1","location":"player.gd:_ready","message":"Player ready for interaction tests","runId":"initial","sessionId":"c5ea88","timestamp":1775622931302.0}
{"data":{"cameraY":17.5018348693848,"colliderPath":"/root/TutorialIsle/TerrainObjects/Harvestable/Rocks/HarvestableRock_S14","hitY":13.2467403411865,"rayOriginY":14.6658372879028},"hypothesisId":"H2","location":"player.gd:_update_interaction_prompt","message":"Prompt became visible for collider","runId":"initial","sessionId":"c5ea88","timestamp":1775622935854.0}
{"data":{"cameraY":17.6361484527588,"colliderPath":"/root/TutorialIsle/TerrainObjects/Harvestable/Rocks/HarvestableRock_M7","hitY":13.9514722824097,"rayOriginY":14.8214778900146},"hypothesisId":"H2","location":"player.gd:_update_interaction_prompt","message":"Prompt became visible for collider","runId":"initial","sessionId":"c5ea88","timestamp":1775622936162.0}
{"data":{"cameraY":17.6334991455078,"colliderPath":"/root/TutorialIsle/TerrainObjects/Harvestable/Rocks/HarvestableRock_S15","hitY":14.2712821960449,"rayOriginY":14.8188142776489},"hypothesisId":"H2","location":"player.gd:_update_interaction_prompt","message":"Prompt became visible for collider","runId":"initial","sessionId":"c5ea88","timestamp":1775622936178.0}
